d:\vs2015projects\school\thirdsemester\imt2531graphicsprogramming\imt2531-exam-2015-per-morten-straume\graphics exam 2015\debug\vc140.pdb
d:\vs2015projects\school\thirdsemester\imt2531graphicsprogramming\imt2531-exam-2015-per-morten-straume\graphics exam 2015\debug\vc140.idb
d:\vs2015projects\school\thirdsemester\imt2531graphicsprogramming\imt2531-exam-2015-per-morten-straume\graphics exam 2015\debug\camera.obj
d:\vs2015projects\school\thirdsemester\imt2531graphicsprogramming\imt2531-exam-2015-per-morten-straume\graphics exam 2015\debug\inputhandler.obj
d:\vs2015projects\school\thirdsemester\imt2531graphicsprogramming\imt2531-exam-2015-per-morten-straume\graphics exam 2015\debug\main.obj
d:\vs2015projects\school\thirdsemester\imt2531graphicsprogramming\imt2531-exam-2015-per-morten-straume\graphics exam 2015\debug\mesh.obj
d:\vs2015projects\school\thirdsemester\imt2531graphicsprogramming\imt2531-exam-2015-per-morten-straume\graphics exam 2015\debug\renderer.obj
d:\vs2015projects\school\thirdsemester\imt2531graphicsprogramming\imt2531-exam-2015-per-morten-straume\graphics exam 2015\debug\sceneobject.obj
d:\vs2015projects\school\thirdsemester\imt2531graphicsprogramming\imt2531-exam-2015-per-morten-straume\graphics exam 2015\debug\shader.obj
d:\vs2015projects\school\thirdsemester\imt2531graphicsprogramming\imt2531-exam-2015-per-morten-straume\graphics exam 2015\debug\shaderprogram.obj
d:\vs2015projects\school\thirdsemester\imt2531graphicsprogramming\imt2531-exam-2015-per-morten-straume\graphics exam 2015\debug\source.obj
d:\vs2015projects\school\thirdsemester\imt2531graphicsprogramming\imt2531-exam-2015-per-morten-straume\graphics exam 2015\debug\terrainhandler.obj
d:\vs2015projects\school\thirdsemester\imt2531graphicsprogramming\imt2531-exam-2015-per-morten-straume\graphics exam 2015\debug\texture.obj
d:\vs2015projects\school\thirdsemester\imt2531graphicsprogramming\imt2531-exam-2015-per-morten-straume\graphics exam 2015\debug\stb_image.obj
d:\vs2015projects\school\thirdsemester\imt2531graphicsprogramming\imt2531-exam-2015-per-morten-straume\graphics exam 2015\debug\exam2015.lib
d:\vs2015projects\school\thirdsemester\imt2531graphicsprogramming\imt2531-exam-2015-per-morten-straume\graphics exam 2015\debug\exam2015.exp
d:\vs2015projects\school\thirdsemester\imt2531graphicsprogramming\imt2531-exam-2015-per-morten-straume\graphics exam 2015\debug\exam2015.ilk
d:\vs2015projects\school\thirdsemester\imt2531graphicsprogramming\imt2531-exam-2015-per-morten-straume\graphics exam 2015\debug\exam2015.exe
d:\vs2015projects\school\thirdsemester\imt2531graphicsprogramming\imt2531-exam-2015-per-morten-straume\graphics exam 2015\debug\exam2015.pdb
d:\vs2015projects\school\thirdsemester\imt2531graphicsprogramming\imt2531-exam-2015-per-morten-straume\graphics exam 2015\debug\graphics.e03e5535.tlog\cl.command.1.tlog
d:\vs2015projects\school\thirdsemester\imt2531graphicsprogramming\imt2531-exam-2015-per-morten-straume\graphics exam 2015\debug\graphics.e03e5535.tlog\cl.read.1.tlog
d:\vs2015projects\school\thirdsemester\imt2531graphicsprogramming\imt2531-exam-2015-per-morten-straume\graphics exam 2015\debug\graphics.e03e5535.tlog\cl.write.1.tlog
d:\vs2015projects\school\thirdsemester\imt2531graphicsprogramming\imt2531-exam-2015-per-morten-straume\graphics exam 2015\debug\graphics.e03e5535.tlog\graphics exam 2015.write.1u.tlog
d:\vs2015projects\school\thirdsemester\imt2531graphicsprogramming\imt2531-exam-2015-per-morten-straume\graphics exam 2015\debug\graphics.e03e5535.tlog\link.command.1.tlog
d:\vs2015projects\school\thirdsemester\imt2531graphicsprogramming\imt2531-exam-2015-per-morten-straume\graphics exam 2015\debug\graphics.e03e5535.tlog\link.read.1.tlog
d:\vs2015projects\school\thirdsemester\imt2531graphicsprogramming\imt2531-exam-2015-per-morten-straume\graphics exam 2015\debug\graphics.e03e5535.tlog\link.write.1.tlog
