d:\vs2015projects\school\thirdsemester\imt2531graphicsprogramming\imt2531-exam-2015-per-morten-straume\graphics exam 2015\release\vc140.pdb
d:\vs2015projects\school\thirdsemester\imt2531graphicsprogramming\imt2531-exam-2015-per-morten-straume\graphics exam 2015\release\texture.obj
d:\vs2015projects\school\thirdsemester\imt2531graphicsprogramming\imt2531-exam-2015-per-morten-straume\graphics exam 2015\release\terrainhandler.obj
d:\vs2015projects\school\thirdsemester\imt2531graphicsprogramming\imt2531-exam-2015-per-morten-straume\graphics exam 2015\release\main.obj
d:\vs2015projects\school\thirdsemester\imt2531graphicsprogramming\imt2531-exam-2015-per-morten-straume\graphics exam 2015\release\shaderprogram.obj
d:\vs2015projects\school\thirdsemester\imt2531graphicsprogramming\imt2531-exam-2015-per-morten-straume\graphics exam 2015\release\shader.obj
d:\vs2015projects\school\thirdsemester\imt2531graphicsprogramming\imt2531-exam-2015-per-morten-straume\graphics exam 2015\release\sceneobject.obj
d:\vs2015projects\school\thirdsemester\imt2531graphicsprogramming\imt2531-exam-2015-per-morten-straume\graphics exam 2015\release\renderer.obj
d:\vs2015projects\school\thirdsemester\imt2531graphicsprogramming\imt2531-exam-2015-per-morten-straume\graphics exam 2015\release\mesh.obj
d:\vs2015projects\school\thirdsemester\imt2531graphicsprogramming\imt2531-exam-2015-per-morten-straume\graphics exam 2015\release\inputhandler.obj
d:\vs2015projects\school\thirdsemester\imt2531graphicsprogramming\imt2531-exam-2015-per-morten-straume\graphics exam 2015\release\camera.obj
d:\vs2015projects\school\thirdsemester\imt2531graphicsprogramming\imt2531-exam-2015-per-morten-straume\graphics exam 2015\release\stb_image.obj
d:\vs2015projects\school\thirdsemester\imt2531graphicsprogramming\imt2531-exam-2015-per-morten-straume\graphics exam 2015\release\exam2015.exe
d:\vs2015projects\school\thirdsemester\imt2531graphicsprogramming\imt2531-exam-2015-per-morten-straume\graphics exam 2015\release\exam2015.ipdb
d:\vs2015projects\school\thirdsemester\imt2531graphicsprogramming\imt2531-exam-2015-per-morten-straume\graphics exam 2015\release\exam2015.iobj
d:\vs2015projects\school\thirdsemester\imt2531graphicsprogramming\imt2531-exam-2015-per-morten-straume\graphics exam 2015\release\exam2015.pdb
d:\vs2015projects\school\thirdsemester\imt2531graphicsprogramming\imt2531-exam-2015-per-morten-straume\graphics exam 2015\release\graphics.e03e5535.tlog\cl.command.1.tlog
d:\vs2015projects\school\thirdsemester\imt2531graphicsprogramming\imt2531-exam-2015-per-morten-straume\graphics exam 2015\release\graphics.e03e5535.tlog\cl.read.1.tlog
d:\vs2015projects\school\thirdsemester\imt2531graphicsprogramming\imt2531-exam-2015-per-morten-straume\graphics exam 2015\release\graphics.e03e5535.tlog\cl.write.1.tlog
d:\vs2015projects\school\thirdsemester\imt2531graphicsprogramming\imt2531-exam-2015-per-morten-straume\graphics exam 2015\release\graphics.e03e5535.tlog\link.command.1.tlog
d:\vs2015projects\school\thirdsemester\imt2531graphicsprogramming\imt2531-exam-2015-per-morten-straume\graphics exam 2015\release\graphics.e03e5535.tlog\link.read.1.tlog
d:\vs2015projects\school\thirdsemester\imt2531graphicsprogramming\imt2531-exam-2015-per-morten-straume\graphics exam 2015\release\graphics.e03e5535.tlog\link.write.1.tlog
